updates shape :  (?, 2, 4)
indices shape :  (?, 2)
output shape :  (?, 4)
input:0
256 <class 'numpy.float32'>
output:0
input 0 memcpy d2d done
input 1 memcpy d2d done
kernel execute done
output memcpy d2d done
512 <class 'numpy.float32'>
0 input is [0.5488135  0.71518934 0.60276335 0.5448832  0.4236548  0.6458941
 0.4375872  0.891773   0.96366274 0.3834415  0.79172504 0.5288949
 0.56804454 0.92559665 0.07103606 0.0871293  0.0202184  0.83261985
 0.77815676 0.87001216 0.9786183  0.7991586  0.46147937 0.7805292
 0.11827443 0.639921   0.14335328 0.9446689  0.5218483  0.41466194
 0.2645556  0.7742337  0.45615032 0.56843394 0.0187898  0.6176355
 0.6120957  0.616934   0.94374806 0.6818203  0.3595079  0.43703195
 0.6976312  0.06022547 0.6667667  0.67063785 0.21038257 0.12892629
 0.31542835 0.36371076 0.57019675 0.43860152 0.9883738  0.10204481
 0.20887676 0.16130951 0.6531083  0.2532916  0.46631077 0.2444256
 0.15896958 0.11037514 0.6563296  0.13818295 0.19658236 0.36872518
 0.82099324 0.09710128 0.8379449  0.09609841 0.97645944 0.4686512
 0.9767611  0.6048455  0.7392636  0.03918779 0.28280696 0.12019656
 0.2961402  0.11872772 0.31798318 0.41426298 0.06414749 0.6924721
 0.56660146 0.2653895  0.5232481  0.09394051 0.5759465  0.9292962
 0.31856894 0.6674104  0.13179787 0.7163272  0.2894061  0.18319136
 0.5865129  0.02010755 0.82894003 0.00469548 0.6778165  0.27000797
 0.735194   0.96218854 0.24875315 0.57615733 0.5920419  0.5722519
 0.22308163 0.952749   0.44712538 0.84640867 0.6994793  0.29743695
 0.81379783 0.39650574 0.8811032  0.5812729  0.8817354  0.6925316
 0.7252543  0.50132436 0.95608366 0.6439902  0.42385504 0.6063932
 0.0191932  0.30157483 0.66017354 0.2900776  0.6180154  0.4287687
 0.13547407 0.29828233 0.5699649  0.59087276 0.57432526 0.6532008
 0.65210325 0.43141845 0.8965466  0.36756188 0.43586493 0.89192337
 0.806194   0.7038886  0.10022689 0.9194826  0.7142413  0.998847
 0.1494483  0.86812603 0.16249293 0.6155596  0.12381998 0.8480082
 0.807319   0.56910074 0.4071833  0.069167   0.69742876 0.45354268
 0.7220556  0.8663823  0.9755215  0.8558034  0.01171408 0.35997805
 0.72999054 0.17162968 0.5210366  0.05433799 0.19999653 0.0185218
 0.7936977  0.22392468 0.34535167 0.9280813  0.7044144  0.03183893
 0.16469416 0.6214784  0.5772286  0.23789282 0.934214   0.6139659
 0.5356328  0.58991    0.730122   0.311945   0.39822108 0.20984375
 0.186193   0.9443724  0.73955077 0.49045882 0.22741462 0.25435647
 0.05802916 0.43441662 0.3117959  0.6963435  0.37775183 0.17960368
 0.02467873 0.06724963 0.67939276 0.45369685 0.5365792  0.8966713
 0.9903389  0.21689698 0.6630782  0.26332238 0.020651   0.7583786
 0.32001716 0.3834639  0.5883171  0.8310484  0.6289818  0.8726507
 0.27354205 0.7980468  0.18563594 0.95279163 0.68748826 0.21550767
 0.9473706  0.7308558  0.25394166 0.21331197 0.5182007  0.02566272
 0.20747007 0.42468548 0.37416998 0.46357542 0.27762872 0.58678436
 0.8638556  0.11753186 0.5173791  0.13206811 0.7168597  0.3960597
 0.5654213  0.18327984 0.14484777 0.48805627 0.35561273 0.94043195
 0.76532525 0.7486636  0.9037197  0.08342244]
