output1 shape :  (?, 64)
input_x:0
24384 <class 'numpy.float32'>
output0:0
8128 <class 'numpy.float32'>
output1:0
idx : 6624
idx : 6625
idx : 6626
idx : 6627
idx : 6628
idx : 6629
idx : 6630
idx : 6631
idx : 6632
idx : 6633
idx : 6634
idx : 6635
idx : 6636
idx : 6637
idx : 6638
idx : 6639
idx : 6640
idx : 6641
idx : 6642
idx : 6643
idx : 6644
idx : 6645
idx : 6646
idx : 6647
idx : 6648
idx : 6649
idx : 6650
idx : 6651
idx : 6652
idx : 6653
idx : 6654
idx : 6655
idx : 3968
idx : 3969
idx : 3970
idx : 3971
idx : 3972
idx : 3973
idx : 3974
idx : 3975
idx : 3976
idx : 3977
idx : 3978
idx : 3979
idx : 3980
idx : 3981
idx : 3982
idx : 3983
idx : 3984
idx : 3985
idx : 3986
idx : 3987
idx : 3988
idx : 3989
idx : 3990
idx : 3991
idx : 3992
idx : 3993
idx : 3994
idx : 3995
idx : 3996
idx : 3997
idx : 3998
idx : 3999
idx : 480
idx : 481
idx : 482
idx : 483
idx : 484
idx : 485
idx : 486
idx : 487
idx : 488
idx : 489
idx : 490
idx : 491
idx : 492
idx : 493
idx : 494
idx : 495
idx : 496
idx : 497
idx : 498
idx : 499
idx : 500
idx : 501
idx : 502
idx : 503
idx : 504
idx : 505
idx : 506
idx : 507
idx : 508
idx : 509
idx : 510
idx : 511
idx : 3872
idx : 3873
idx : 3874
idx : 3875
idx : 3876
idx : 3877
idx : 3878
idx : 3879
idx : 3880
idx : 3881
idx : 3882
idx : 3883
idx : 3884
idx : 3885
idx : 3886
idx : 3887
idx : 3888
idx : 3889
idx : 3890
idx : 3891
idx : 3892
idx : 3893
idx : 3894
idx : 3895
idx : 3896
idx : 3897
idx : 3898
idx : 3899
idx : 3900
idx : 3901
idx : 3902
idx : 3903
idx : 288
idx : 289
idx : 290
idx : 291
idx : 292
idx : 293
idx : 294
idx : 295
idx : 296
idx : 297
idx : 298
idx : 299
idx : 300
idx : 301
idx : 302
idx : 303
idx : 304
idx : 305
idx : 306
idx : 307
idx : 308
idx : 309
idx : 310
idx : 311
idx : 312
idx : 313
idx : 314
idx : 315
idx : 316
idx : 317
idx : 318
idx : 319
idx : 2592
idx : 2593
idx : 2594
idx : 2595
idx : 2596
idx : 2597
idx : 2598
idx : 2599
idx : 2600
idx : 2601
idx : 2602
idx : 2603
idx : 2604
idx : 2605
idx : 2606
idx : 2607
idx : 2608
idx : 2609
idx : 2610
idx : 2611
idx : 2612
idx : 2613
idx : 2614
idx : 2615
idx : 2616
idx : 2617
idx : 2618
idx : 2619
idx : 2620
idx : 2621
idx : 2622
idx : 2623
idx : 3008
idx : 3009
idx : 3010
idx : 3011
idx : 3012
idx : 3013
idx : 3014
idx : 3015
idx : 3016
idx : 3017
idx : 3018
idx : 3019
idx : 3020
idx : 3021
idx : 3022
idx : 3023
idx : 3024
idx : 3025
idx : 3026
idx : 3027
idx : 3028
idx : 3029
idx : 3030
idx : 3031
idx : 3032
idx : 3033
idx : 3034
idx : 3035
idx : 3036
idx : 3037
idx : 3038
idx : 3039
idx : 5984
idx : 5985
idx : 5986
idx : 5987
idx : 5988
idx : 5989
idx : 5990
idx : 5991
idx : 5992
idx : 5993
idx : 5994
idx : 5995
idx : 5996
idx : 5997
idx : 5998
idx : 5999
idx : 6000
idx : 6001
idx : 6002
idx : 6003
idx : 6004
idx : 6005
idx : 6006
idx : 6007
idx : 6008
idx : 6009
idx : 6010
idx : 6011
idx : 6012
idx : 6013
idx : 6014
idx : 6015
idx : 4896
idx : 4897
idx : 4898
idx : 4899
idx : 4900
idx : 4901
idx : 4902
idx : 4903
idx : 4904
idx : 4905
idx : 4906
idx : 4907
idx : 4908
idx : 4909
idx : 4910
idx : 4911
idx : 4912
idx : 4913
idx : 4914
idx : 4915
idx : 4916
idx : 4917
idx : 4918
idx : 4919
idx : 4920
idx : 4921
idx : 4922
idx : 4923
idx : 4924
idx : 4925
idx : 4926
idx : 4927
idx : 576
idx : 577
idx : 578
idx : 579
idx : 580
idx : 581
idx : 582
idx : 583
idx : 584
idx : 585
idx : 586
idx : 587
idx : 588
idx : 589
idx : 590
idx : 591
idx : 592
idx : 593
idx : 594
idx : 595
idx : 596
idx : 597
idx : 598
idx : 599
idx : 600
idx : 601
idx : 602
idx : 603
idx : 604
idx : 605
idx : 606
idx : 607
idx : 2688
idx : 2689
idx : 2690
idx : 2691
idx : 2692
idx : 2693
idx : 2694
idx : 2695
idx : 2696
idx : 2697
idx : 2698
idx : 2699
idx : 2700
idx : 2701
idx : 2702
idx : 2703
idx : 2704
idx : 2705
idx : 2706
idx : 2707
idx : 2708
idx : 2709
idx : 2710
idx : 2711
idx : 2712
idx : 2713
idx : 2714
idx : 2715
idx : 2716
idx : 2717
idx : 2718
idx : 2719
idx : 6976
idx : 6977
idx : 6978
idx : 6979
idx : 6980
idx : 6981
idx : 6982
idx : 6983
idx : 6984
idx : 6985
idx : 6986
idx : 6987
idx : 6988
idx : 6989
idx : 6990
idx : 6991
idx : 6992
idx : 6993
idx : 6994
idx : 6995
idx : 6996
idx : 6997
idx : 6998
idx : 6999
idx : 7000
idx : 7001
idx : 7002
idx : 7003
idx : 7004
idx : 7005
idx : 7006
idx : 7007
idx : 7680
idx : 7681
idx : 7682
idx : 7683
idx : 7684
idx : 7685
idx : 7686
idx : 7687
idx : 7688
idx : 7689
idx : 7690
idx : 7691
idx : 7692
idx : 7693
idx : 7694
idx : 7695
idx : 7696
idx : 7697
idx : 7698
idx : 7699
idx : 7700
idx : 7701
idx : 7702
idx : 7703
idx : 7704
idx : 7705
idx : 7706
idx : 7707
idx : 7708
idx : 7709
idx : 7710
idx : 7711
idx : 4416
idx : 4417
idx : 4418
idx : 4419
idx : 4420
idx : 4421
idx : 4422
idx : 4423
idx : 4424
idx : 4425
idx : 4426
idx : 4427
idx : 4428
idx : 4429
idx : 4430
idx : 4431
idx : 4432
idx : 4433
idx : 4434
idx : 4435
idx : 4436
idx : 4437
idx : 4438
idx : 4439
idx : 4440
idx : 4441
idx : 4442
idx : 4443
idx : 4444
idx : 4445
idx : 4446
idx : 4447
idx : 5440
idx : 5441
idx : 5442
idx : 5443
idx : 5444
idx : 5445
idx : 5446
idx : 5447
idx : 5448
idx : 5449
idx : 5450
idx : 5451
idx : 5452
idx : 5453
idx : 5454
idx : 5455
idx : 5456
idx : 5457
idx : 5458
idx : 5459
idx : 5460
idx : 5461
idx : 5462
idx : 5463
idx : 5464
idx : 5465
idx : 5466
idx : 5467
idx : 5468
idx : 5469
idx : 5470
idx : 5471
idx : 6784
idx : 6785
idx : 6786
idx : 6787
idx : 6788
idx : 6789
idx : 6790
idx : 6791
idx : 6792
idx : 6793
idx : 6794
idx : 6795
idx : 6796
idx : 6797
idx : 6798
idx : 6799
idx : 6800
idx : 6801
idx : 6802
idx : 6803
idx : 6804
idx : 6805
idx : 6806
idx : 6807
idx : 6808
idx : 6809
idx : 6810
idx : 6811
idx : 6812
idx : 6813
idx : 6814
idx : 6815
idx : 608
idx : 609
idx : 610
idx : 611
idx : 612
idx : 613
idx : 614
idx : 615
idx : 616
idx : 617
idx : 618
idx : 619
idx : 620
idx : 621
idx : 622
idx : 623
idx : 624
idx : 625
idx : 626
idx : 627
idx : 628
idx : 629
idx : 630
idx : 631
idx : 632
idx : 633
idx : 634
idx : 635
idx : 636
idx : 637
idx : 638
idx : 639
idx : 4608
idx : 4609
idx : 4610
idx : 4611
idx : 4612
idx : 4613
idx : 4614
idx : 4615
idx : 4616
idx : 4617
idx : 4618
idx : 4619
idx : 4620
idx : 4621
idx : 4622
idx : 4623
idx : 4624
idx : 4625
idx : 4626
idx : 4627
idx : 4628
idx : 4629
idx : 4630
idx : 4631
idx : 4632
idx : 4633
idx : 4634
idx : 4635
idx : 4636
idx : 4637
idx : 4638
idx : 4639
idx : 4384
idx : 4385
idx : 4386
idx : 4387
idx : 4388
idx : 4389
idx : 4390
idx : 4391
idx : 4392
idx : 4393
idx : 4394
idx : 4395
idx : 4396
idx : 4397
idx : 4398
idx : 4399
idx : 4400
idx : 4401
idx : 4402
idx : 4403
idx : 4404
idx : 4405
idx : 4406
idx : 4407
idx : 4408
idx : 4409
idx : 4410
idx : 4411
idx : 4412
idx : 4413
idx : 4414
idx : 4415
idx : 2144
idx : 2145
idx : 2146
idx : 2147
idx : 2148
idx : 2149
idx : 2150
idx : 2151
idx : 2152
idx : 2153
idx : 2154
idx : 2155
idx : 2156
idx : 2157
idx : 2158
idx : 2159
idx : 2160
idx : 2161
idx : 2162
idx : 2163
idx : 2164
idx : 2165
idx : 2166
idx : 2167
idx : 2168
idx : 2169
idx : 2170
idx : 2171
idx : 2172
idx : 2173
idx : 2174
idx : 2175
idx : 1504
idx : 1505
idx : 1506
idx : 1507
idx : 1508
idx : 1509
idx : 1510
idx : 1511
idx : 1512
idx : 1513
idx : 1514
idx : 1515
idx : 1516
idx : 1517
idx : 1518
idx : 1519
idx : 1520
idx : 1521
idx : 1522
idx : 1523
idx : 1524
idx : 1525
idx : 1526
idx : 1527
idx : 1528
idx : 1529
idx : 1530
idx : 1531
idx : 1532
idx : 1533
idx : 1534
idx : 1535
idx : 640
idx : 641
idx : 642
idx : 643
idx : 644
idx : 645
idx : 646
idx : 647
idx : 648
idx : 649
idx : 650
idx : 651
idx : 652
idx : 653
idx : 654
idx : 655
idx : 656
idx : 657
idx : 658
idx : 659
idx : 660
idx : 661
idx : 662
idx : 663
idx : 664
idx : 665
idx : 666
idx : 667
idx : 668
idx : 669
idx : 670
idx : 671
idx : 2464
idx : 2465
idx : 2466
idx : 2467
idx : 2468
idx : 2469
idx : 2470
idx : 2471
idx : 2472
idx : 2473
idx : 2474
idx : 2475
idx : 2476
idx : 2477
idx : 2478
idx : 2479
idx : 2480
idx : 2481
idx : 2482
idx : 2483
idx : 2484
idx : 2485
idx : 2486
idx : 2487
idx : 2488
idx : 2489
idx : 2490
idx : 2491
idx : 2492
idx : 2493
idx : 2494
idx : 2495
idx : 2752
idx : 2753
idx : 2754
idx : 2755
idx : 2756
idx : 2757
idx : 2758
idx : 2759
idx : 2760
idx : 2761
idx : 2762
idx : 2763
idx : 2764
idx : 2765
idx : 2766
idx : 2767
idx : 2768
idx : 2769
idx : 2770
idx : 2771
idx : 2772
idx : 2773
idx : 2774
idx : 2775
idx : 2776
idx : 2777
idx : 2778
idx : 2779
idx : 2780
idx : 2781
idx : 2782
idx : 2783
idx : 6464
idx : 6465
idx : 6466
idx : 6467
idx : 6468
idx : 6469
idx : 6470
idx : 6471
idx : 6472
idx : 6473
idx : 6474
idx : 6475
idx : 6476
idx : 6477
idx : 6478
idx : 6479
idx : 6480
idx : 6481
idx : 6482
idx : 6483
idx : 6484
idx : 6485
idx : 6486
idx : 6487
idx : 6488
idx : 6489
idx : 6490
idx : 6491
idx : 6492
idx : 6493
idx : 6494
idx : 6495
idx : 2048
idx : 2049
idx : 2050
idx : 2051
idx : 2052
idx : 2053
idx : 2054
idx : 2055
idx : 2056
idx : 2057
idx : 2058
idx : 2059
idx : 2060
idx : 2061
idx : 2062
idx : 2063
idx : 2064
idx : 2065
idx : 2066
idx : 2067
idx : 2068
idx : 2069
idx : 2070
idx : 2071
idx : 2072
idx : 2073
idx : 2074
idx : 2075
idx : 2076
idx : 2077
idx : 2078
idx : 2079
idx : 7200
idx : 7201
idx : 7202
idx : 7203
idx : 7204
idx : 7205
idx : 7206
idx : 7207
idx : 7208
idx : 7209
idx : 7210
idx : 7211
idx : 7212
idx : 7213
idx : 7214
idx : 7215
idx : 7216
idx : 7217
idx : 7218
idx : 7219
idx : 7220
idx : 7221
idx : 7222
idx : 7223
idx : 7224
idx : 7225
idx : 7226
idx : 7227
idx : 7228
idx : 7229
idx : 7230
idx : 7231
idx : 7008
idx : 7009
idx : 7010
idx : 7011
idx : 7012
idx : 7013
idx : 7014
idx : 7015
idx : 7016
idx : 7017
idx : 7018
idx : 7019
idx : 7020
idx : 7021
idx : 7022
idx : 7023
idx : 7024
idx : 7025
idx : 7026
idx : 7027
idx : 7028
idx : 7029
idx : 7030
idx : 7031
idx : 7032
idx : 7033
idx : 7034
idx : 7035
idx : 7036
idx : 7037
idx : 7038
idx : 7039
idx : 6912
idx : 6913
idx : 6914
idx : 6915
idx : 6916
idx : 6917
idx : 6918
idx : 6919
idx : 6920
idx : 6921
idx : 6922
idx : 6923
idx : 6924
idx : 6925
idx : 6926
idx : 6927
idx : 6928
idx : 6929
idx : 6930
idx : 6931
idx : 6932
idx : 6933
idx : 6934
idx : 6935
idx : 6936
idx : 6937
idx : 6938
idx : 6939
idx : 6940
idx : 6941
idx : 6942
idx : 6943
idx : 5312
idx : 5313
idx : 5314
idx : 5315
idx : 5316
idx : 5317
idx : 5318
idx : 5319
idx : 5320
idx : 5321
idx : 5322
idx : 5323
idx : 5324
idx : 5325
idx : 5326
idx : 5327
idx : 5328
idx : 5329
idx : 5330
idx : 5331
idx : 5332
idx : 5333
idx : 5334
idx : 5335
idx : 5336
idx : 5337
idx : 5338
idx : 5339
idx : 5340
idx : 5341
idx : 5342
idx : 5343
idx : 3296
idx : 3297
idx : 3298
idx : 3299
idx : 3300
idx : 3301
idx : 3302
idx : 3303
idx : 3304
idx : 3305
idx : 3306
idx : 3307
idx : 3308
idx : 3309
idx : 3310
idx : 3311
idx : 3312
idx : 3313
idx : 3314
idx : 3315
idx : 3316
idx : 3317
idx : 3318
idx : 3319
idx : 3320
idx : 3321
idx : 3322
idx : 3323
idx : 3324
idx : 3325
idx : 3326
idx : 3327
idx : 6656
idx : 6657
idx : 6658
idx : 6659
idx : 6660
idx : 6661
idx : 6662
idx : 6663
idx : 6664
idx : 6665
idx : 6666
idx : 6667
idx : 6668
idx : 6669
idx : 6670
idx : 6671
idx : 6672
idx : 6673
idx : 6674
idx : 6675
idx : 6676
idx : 6677
idx : 6678
idx : 6679
idx : 6680
idx : 6681
idx : 6682
idx : 6683
idx : 6684
idx : 6685
idx : 6686
idx : 6687
idx : 7424
idx : 7425
idx : 7426
idx : 7427
idx : 7428
idx : 7429
idx : 7430
idx : 7431
idx : 7432
idx : 7433
idx : 7434
idx : 7435
idx : 7436
idx : 7437
idx : 7438
idx : 7439
idx : 7440
idx : 7441
idx : 7442
idx : 7443
idx : 7444
idx : 7445
idx : 7446
idx : 7447
idx : 7448
idx : 7449
idx : 7450
idx : 7451
idx : 7452
idx : 7453
idx : 7454
idx : 7455
idx : 5760
idx : 5761
idx : 5762
idx : 5763
idx : 5764
idx : 5765
idx : 5766
idx : 5767
idx : 5768
idx : 5769
idx : 5770
idx : 5771
idx : 5772
idx : 5773
idx : 5774
idx : 5775
idx : 5776
idx : 5777
idx : 5778
idx : 5779
idx : 5780
idx : 5781
idx : 5782
idx : 5783
idx : 5784
idx : 5785
idx : 5786
idx : 5787
idx : 5788
idx : 5789
idx : 5790
idx : 5791
idx : 6816
idx : 6817
idx : 6818
idx : 6819
idx : 6820
idx : 6821
idx : 6822
idx : 6823
idx : 6824
idx : 6825
idx : 6826
idx : 6827
idx : 6828
idx : 6829
idx : 6830
idx : 6831
idx : 6832
idx : 6833
idx : 6834
idx : 6835
idx : 6836
idx : 6837
idx : 6838
idx : 6839
idx : 6840
idx : 6841
idx : 6842
idx : 6843
idx : 6844
idx : 6845
idx : 6846
idx : 6847
idx : 7616
idx : 7617
idx : 7618
idx : 7619
idx : 7620
idx : 7621
idx : 7622
idx : 7623
idx : 7624
idx : 7625
idx : 7626
idx : 7627
idx : 7628
idx : 7629
idx : 7630
idx : 7631
idx : 7632
idx : 7633
idx : 7634
idx : 7635
idx : 7636
idx : 7637
idx : 7638
idx : 7639
idx : 7640
idx : 7641
idx : 7642
idx : 7643
idx : 7644
idx : 7645
idx : 7646
idx : 7647
idx : 4288
idx : 4289
idx : 4290
idx : 4291
idx : 4292
idx : 4293
idx : 4294
idx : 4295
idx : 4296
idx : 4297
idx : 4298
idx : 4299
idx : 4300
idx : 4301
idx : 4302
idx : 4303
idx : 4304
idx : 4305
idx : 4306
idx : 4307
idx : 4308
idx : 4309
idx : 4310
idx : 4311
idx : 4312
idx : 4313
idx : 4314
idx : 4315
idx : 4316
idx : 4317
idx : 4318
idx : 4319
idx : 2176
idx : 2177
idx : 2178
idx : 2179
idx : 2180
idx : 2181
idx : 2182
idx : 2183
idx : 2184
idx : 2185
idx : 2186
idx : 2187
idx : 2188
idx : 2189
idx : 2190
idx : 2191
idx : 2192
idx : 2193
idx : 2194
idx : 2195
idx : 2196
idx : 2197
idx : 2198
idx : 2199
idx : 2200
idx : 2201
idx : 2202
idx : 2203
idx : 2204
idx : 2205
idx : 2206
idx : 2207
idx : 6880
idx : 6881
idx : 6882
idx : 6883
idx : 6884
idx : 6885
idx : 6886
idx : 6887
idx : 6888
idx : 6889
idx : 6890
idx : 6891
idx : 6892
idx : 6893
idx : 6894
idx : 6895
idx : 6896
idx : 6897
idx : 6898
idx : 6899
idx : 6900
idx : 6901
idx : 6902
idx : 6903
idx : 6904
idx : 6905
idx : 6906
idx : 6907
idx : 6908
idx : 6909
idx : 6910
idx : 6911
idx : 3360
idx : 3361
idx : 3362
idx : 3363
idx : 3364
idx : 3365
idx : 3366
idx : 3367
idx : 3368
idx : 3369
idx : 3370
idx : 3371
idx : 3372
idx : 3373
idx : 3374
idx : 3375
idx : 3376
idx : 3377
idx : 3378
idx : 3379
idx : 3380
idx : 3381
idx : 3382
idx : 3383
idx : 3384
idx : 3385
idx : 3386
idx : 3387
idx : 3388
idx : 3389
idx : 3390
idx : 3391
idx : 512
idx : 513
idx : 514
idx : 515
idx : 516
idx : 517
idx : 518
idx : 519
idx : 520
idx : 521
idx : 522
idx : 523
idx : 524
idx : 525
idx : 526
idx : 527
idx : 528
idx : 529
idx : 530
idx : 531
idx : 532
idx : 533
idx : 534
idx : 535
idx : 536
idx : 537
idx : 538
idx : 539
idx : 540
idx : 541
idx : 542
idx : 543
idx : 1792
idx : 1793
idx : 1794
idx : 1795
idx : 1796
idx : 1797
idx : 1798
idx : 1799
idx : 1800
idx : 1801
idx : 1802
idx : 1803
idx : 1804
idx : 1805
idx : 1806
idx : 1807
idx : 1808
idx : 1809
idx : 1810
idx : 1811
idx : 1812
idx : 1813
idx : 1814
idx : 1815
idx : 1816
idx : 1817
idx : 1818
idx : 1819
idx : 1820
idx : 1821
idx : 1822
idx : 1823
idx : 5472
idx : 5473
idx : 5474
idx : 5475
idx : 5476
idx : 5477
idx : 5478
idx : 5479
idx : 5480
idx : 5481
idx : 5482
idx : 5483
idx : 5484
idx : 5485
idx : 5486
idx : 5487
idx : 5488
idx : 5489
idx : 5490
idx : 5491
idx : 5492
idx : 5493
idx : 5494
idx : 5495
idx : 5496
idx : 5497
idx : 5498
idx : 5499
idx : 5500
idx : 5501
idx : 5502
idx : 5503
idx : 7360
idx : 7361
idx : 7362
idx : 7363
idx : 7364
idx : 7365
idx : 7366
idx : 7367
idx : 7368
idx : 7369
idx : 7370
idx : 7371
idx : 7372
idx : 7373
idx : 7374
idx : 7375
idx : 7376
idx : 7377
idx : 7378
idx : 7379
idx : 7380
idx : 7381
idx : 7382
idx : 7383
idx : 7384
idx : 7385
idx : 7386
idx : 7387
idx : 7388
idx : 7389
idx : 7390
idx : 7391
idx : 5728
idx : 5729
idx : 5730
idx : 5731
idx : 5732
idx : 5733
idx : 5734
idx : 5735
idx : 5736
idx : 5737
idx : 5738
idx : 5739
idx : 5740
idx : 5741
idx : 5742
idx : 5743
idx : 5744
idx : 5745
idx : 5746
idx : 5747
idx : 5748
idx : 5749
idx : 5750
idx : 5751
idx : 5752
idx : 5753
idx : 5754
idx : 5755
idx : 5756
idx : 5757
idx : 5758
idx : 5759
idx : 6528
idx : 6529
idx : 6530
idx : 6531
idx : 6532
idx : 6533
idx : 6534
idx : 6535
idx : 6536
idx : 6537
idx : 6538
idx : 6539
idx : 6540
idx : 6541
idx : 6542
idx : 6543
idx : 6544
idx : 6545
idx : 6546
idx : 6547
idx : 6548
idx : 6549
idx : 6550
idx : 6551
idx : 6552
idx : 6553
idx : 6554
idx : 6555
idx : 6556
idx : 6557
idx : 6558
idx : 6559
idx : 64
idx : 65
idx : 66
idx : 67
idx : 68
idx : 69
idx : 70
idx : 71
idx : 72
idx : 73
idx : 74
idx : 75
idx : 76
idx : 77
idx : 78
idx : 79
idx : 80
idx : 81
idx : 82
idx : 83
idx : 84
idx : 85
idx : 86
idx : 87
idx : 88
idx : 89
idx : 90
idx : 91
idx : 92
idx : 93
idx : 94
idx : 95
idx : 5600
idx : 5601
idx : 5602
idx : 5603
idx : 5604
idx : 5605
idx : 5606
idx : 5607
idx : 5608
idx : 5609
idx : 5610
idx : 5611
idx : 5612
idx : 5613
idx : 5614
idx : 5615
idx : 5616
idx : 5617
idx : 5618
idx : 5619
idx : 5620
idx : 5621
idx : 5622
idx : 5623
idx : 5624
idx : 5625
idx : 5626
idx : 5627
idx : 5628
idx : 5629
idx : 5630
idx : 5631
idx : 5856
idx : 5857
idx : 5858
idx : 5859
idx : 5860
idx : 5861
idx : 5862
idx : 5863
idx : 5864
idx : 5865
idx : 5866
idx : 5867
idx : 5868
idx : 5869
idx : 5870
idx : 5871
idx : 5872
idx : 5873
idx : 5874
idx : 5875
idx : 5876
idx : 5877
idx : 5878
idx : 5879
idx : 5880
idx : 5881
idx : 5882
idx : 5883
idx : 5884
idx : 5885
idx : 5886
idx : 5887
idx : 5664
idx : 5665
idx : 5666
idx : 5667
idx : 5668
idx : 5669
idx : 5670
idx : 5671
idx : 5672
idx : 5673
idx : 5674
idx : 5675
idx : 5676
idx : 5677
idx : 5678
idx : 5679
idx : 5680
idx : 5681
idx : 5682
idx : 5683
idx : 5684
idx : 5685
idx : 5686
idx : 5687
idx : 5688
idx : 5689
idx : 5690
idx : 5691
idx : 5692
idx : 5693
idx : 5694
idx : 5695
idx : 1696
idx : 1697
idx : 1698
idx : 1699
idx : 1700
idx : 1701
idx : 1702
idx : 1703
idx : 1704
idx : 1705
idx : 1706
idx : 1707
idx : 1708
idx : 1709
idx : 1710
idx : 1711
idx : 1712
idx : 1713
idx : 1714
idx : 1715
idx : 1716
idx : 1717
idx : 1718
idx : 1719
idx : 1720
idx : 1721
idx : 1722
idx : 1723
idx : 1724
idx : 1725
idx : 1726
idx : 1727
idx : 3104
idx : 3105
idx : 3106
idx : 3107
idx : 3108
idx : 3109
idx : 3110
idx : 3111
idx : 3112
idx : 3113
idx : 3114
idx : 3115
idx : 3116
idx : 3117
idx : 3118
idx : 3119
idx : 3120
idx : 3121
idx : 3122
idx : 3123
idx : 3124
idx : 3125
idx : 3126
idx : 3127
idx : 3128
idx : 3129
idx : 3130
idx : 3131
idx : 3132
idx : 3133
idx : 3134
idx : 3135
idx : 1920
idx : 1921
idx : 1922
idx : 1923
idx : 1924
idx : 1925
idx : 1926
idx : 1927
idx : 1928
idx : 1929
idx : 1930
idx : 1931
idx : 1932
idx : 1933
idx : 1934
idx : 1935
idx : 1936
idx : 1937
idx : 1938
idx : 1939
idx : 1940
idx : 1941
idx : 1942
idx : 1943
idx : 1944
idx : 1945
idx : 1946
idx : 1947
idx : 1948
idx : 1949
idx : 1950
idx : 1951
idx : 416
idx : 417
idx : 418
idx : 419
idx : 420
idx : 421
idx : 422
idx : 423
idx : 424
idx : 425
idx : 426
idx : 427
idx : 428
idx : 429
idx : 430
idx : 431
idx : 432
idx : 433
idx : 434
idx : 435
idx : 436
idx : 437
idx : 438
idx : 439
idx : 440
idx : 441
idx : 442
idx : 443
idx : 444
idx : 445
idx : 446
idx : 447
idx : 4704
idx : 4705
idx : 4706
idx : 4707
idx : 4708
idx : 4709
idx : 4710
idx : 4711
idx : 4712
idx : 4713
idx : 4714
idx : 4715
idx : 4716
idx : 4717
idx : 4718
idx : 4719
idx : 4720
idx : 4721
idx : 4722
idx : 4723
idx : 4724
idx : 4725
idx : 4726
idx : 4727
idx : 4728
idx : 4729
idx : 4730
idx : 4731
idx : 4732
idx : 4733
idx : 4734
idx : 4735
idx : 1568
idx : 1569
idx : 1570
idx : 1571
idx : 1572
idx : 1573
idx : 1574
idx : 1575
idx : 1576
idx : 1577
idx : 1578
idx : 1579
idx : 1580
idx : 1581
idx : 1582
idx : 1583
idx : 1584
idx : 1585
idx : 1586
idx : 1587
idx : 1588
idx : 1589
idx : 1590
idx : 1591
idx : 1592
idx : 1593
idx : 1594
idx : 1595
idx : 1596
idx : 1597
idx : 1598
idx : 1599
idx : 448
idx : 449
idx : 450
idx : 451
idx : 452
idx : 453
idx : 454
idx : 455
idx : 456
idx : 457
idx : 458
idx : 459
idx : 460
idx : 461
idx : 462
idx : 463
idx : 464
idx : 465
idx : 466
idx : 467
idx : 468
idx : 469
idx : 470
idx : 471
idx : 472
idx : 473
idx : 474
idx : 475
idx : 476
idx : 477
idx : 478
idx : 479
idx : 4448
idx : 4449
idx : 4450
idx : 4451
idx : 4452
idx : 4453
idx : 4454
idx : 4455
idx : 4456
idx : 4457
idx : 4458
idx : 4459
idx : 4460
idx : 4461
idx : 4462
idx : 4463
idx : 4464
idx : 4465
idx : 4466
idx : 4467
idx : 4468
idx : 4469
idx : 4470
idx : 4471
idx : 4472
idx : 4473
idx : 4474
idx : 4475
idx : 4476
idx : 4477
idx : 4478
idx : 4479
idx : 2624
idx : 2625
idx : 2626
idx : 2627
idx : 2628
idx : 2629
idx : 2630
idx : 2631
idx : 2632
idx : 2633
idx : 2634
idx : 2635
idx : 2636
idx : 2637
idx : 2638
idx : 2639
idx : 2640
idx : 2641
idx : 2642
idx : 2643
idx : 2644
idx : 2645
idx : 2646
idx : 2647
idx : 2648
idx : 2649
idx : 2650
idx : 2651
idx : 2652
idx : 2653
idx : 2654
idx : 2655
idx : 3424
idx : 3425
idx : 3426
idx : 3427
idx : 3428
idx : 3429
idx : 3430
idx : 3431
idx : 3432
idx : 3433
idx : 3434
idx : 3435
idx : 3436
idx : 3437
idx : 3438
idx : 3439
idx : 3440
idx : 3441
idx : 3442
idx : 3443
idx : 3444
idx : 3445
idx : 3446
idx : 3447
idx : 3448
idx : 3449
idx : 3450
idx : 3451
idx : 3452
idx : 3453
idx : 3454
idx : 3455
idx : 5376
idx : 5377
idx : 5378
idx : 5379
idx : 5380
idx : 5381
idx : 5382
idx : 5383
idx : 5384
idx : 5385
idx : 5386
idx : 5387
idx : 5388
idx : 5389
idx : 5390
idx : 5391
idx : 5392
idx : 5393
idx : 5394
idx : 5395
idx : 5396
idx : 5397
idx : 5398
idx : 5399
idx : 5400
idx : 5401
idx : 5402
idx : 5403
idx : 5404
idx : 5405
idx : 5406
idx : 5407
idx : 3584
idx : 3585
idx : 3586
idx : 3587
idx : 3588
idx : 3589
idx : 3590
idx : 3591
idx : 3592
idx : 3593
idx : 3594
idx : 3595
idx : 3596
idx : 3597
idx : 3598
idx : 3599
idx : 3600
idx : 3601
idx : 3602
idx : 3603
idx : 3604
idx : 3605
idx : 3606
idx : 3607
idx : 3608
idx : 3609
idx : 3610
idx : 3611
idx : 3612
idx : 3613
idx : 3614
idx : 3615
idx : 7232
idx : 7233
idx : 7234
idx : 7235
idx : 7236
idx : 7237
idx : 7238
idx : 7239
idx : 7240
idx : 7241
idx : 7242
idx : 7243
idx : 7244
idx : 7245
idx : 7246
idx : 7247
idx : 7248
idx : 7249
idx : 7250
idx : 7251
idx : 7252
idx : 7253
idx : 7254
idx : 7255
idx : 7256
idx : 7257
idx : 7258
idx : 7259
idx : 7260
idx : 7261
idx : 7262
idx : 7263
idx : 3488
idx : 3489
idx : 3490
idx : 3491
idx : 3492
idx : 3493
idx : 3494
idx : 3495
idx : 3496
idx : 3497
idx : 3498
idx : 3499
idx : 3500
idx : 3501
idx : 3502
idx : 3503
idx : 3504
idx : 3505
idx : 3506
idx : 3507
idx : 3508
idx : 3509
idx : 3510
idx : 3511
idx : 3512
idx : 3513
idx : 3514
idx : 3515
idx : 3516
idx : 3517
idx : 3518
idx : 3519
idx : 320
idx : 321
idx : 322
idx : 323
idx : 324
idx : 325
idx : 326
idx : 327
idx : 328
idx : 329
idx : 330
idx : 331
idx : 332
idx : 333
idx : 334
idx : 335
idx : 336
idx : 337
idx : 338
idx : 339
idx : 340
idx : 341
idx : 342
idx : 343
idx : 344
idx : 345
idx : 346
idx : 347
idx : 348
idx : 349
idx : 350
idx : 351
idx : 4320
idx : 4321
idx : 4322
idx : 4323
idx : 4324
idx : 4325
idx : 4326
idx : 4327
idx : 4328
idx : 4329
idx : 4330
idx : 4331
idx : 4332
idx : 4333
idx : 4334
idx : 4335
idx : 4336
idx : 4337
idx : 4338
idx : 4339
idx : 4340
idx : 4341
idx : 4342
idx : 4343
idx : 4344
idx : 4345
idx : 4346
idx : 4347
idx : 4348
idx : 4349
idx : 4350
idx : 4351
idx : 6688
idx : 6689
idx : 6690
idx : 6691
idx : 6692
idx : 6693
idx : 6694
idx : 6695
idx : 6696
idx : 6697
idx : 6698
idx : 6699
idx : 6700
idx : 6701
idx : 6702
idx : 6703
idx : 6704
idx : 6705
idx : 6706
idx : 6707
idx : 6708
idx : 6709
idx : 6710
idx : 6711
idx : 6712
idx : 6713
idx : 6714
idx : 6715
idx : 6716
idx : 6717
idx : 6718
idx : 6719
idx : 3328
idx : 3329
idx : 3330
idx : 3331
idx : 3332
idx : 3333
idx : 3334
idx : 3335
idx : 3336
idx : 3337
idx : 3338
idx : 3339
idx : 3340
idx : 3341
idx : 3342
idx : 3343
idx : 3344
idx : 3345
idx : 3346
idx : 3347
idx : 3348
idx : 3349
idx : 3350
idx : 3351
idx : 3352
idx : 3353
idx : 3354
idx : 3355
idx : 3356
idx : 3357
idx : 3358
idx : 3359
idx : 6752
idx : 6753
idx : 6754
idx : 6755
idx : 6756
idx : 6757
idx : 6758
idx : 6759
idx : 6760
idx : 6761
idx : 6762
idx : 6763
idx : 6764
idx : 6765
idx : 6766
idx : 6767
idx : 6768
idx : 6769
idx : 6770
idx : 6771
idx : 6772
idx : 6773
idx : 6774
idx : 6775
idx : 6776
idx : 6777
idx : 6778
idx : 6779
idx : 6780
idx : 6781
idx : 6782
idx : 6783
idx : 6560
idx : 6561
idx : 6562
idx : 6563
idx : 6564
idx : 6565
idx : 6566
idx : 6567
idx : 6568
idx : 6569
idx : 6570
idx : 6571
idx : 6572
idx : 6573
idx : 6574
idx : 6575
idx : 6576
idx : 6577
idx : 6578
idx : 6579
idx : 6580
idx : 6581
idx : 6582
idx : 6583
idx : 6584
idx : 6585
idx : 6586
idx : 6587
idx : 6588
idx : 6589
idx : 6590
idx : 6591
idx : 160
idx : 161
idx : 162
idx : 163
idx : 164
idx : 165
idx : 166
idx : 167
idx : 168
idx : 169
idx : 170
idx : 171
idx : 172
idx : 173
idx : 174
idx : 175
idx : 176
idx : 177
idx : 178
idx : 179
idx : 180
idx : 181
idx : 182
idx : 183
idx : 184
idx : 185
idx : 186
idx : 187
idx : 188
idx : 189
idx : 190
idx : 191
idx : 5408
idx : 5409
idx : 5410
idx : 5411
idx : 5412
idx : 5413
idx : 5414
idx : 5415
idx : 5416
idx : 5417
idx : 5418
idx : 5419
idx : 5420
idx : 5421
idx : 5422
idx : 5423
idx : 5424
idx : 5425
idx : 5426
idx : 5427
idx : 5428
idx : 5429
idx : 5430
idx : 5431
idx : 5432
idx : 5433
idx : 5434
idx : 5435
idx : 5436
idx : 5437
idx : 5438
idx : 5439
idx : 2080
idx : 2081
idx : 2082
idx : 2083
idx : 2084
idx : 2085
idx : 2086
idx : 2087
idx : 2088
idx : 2089
idx : 2090
idx : 2091
idx : 2092
idx : 2093
idx : 2094
idx : 2095
idx : 2096
idx : 2097
idx : 2098
idx : 2099
idx : 2100
idx : 2101
idx : 2102
idx : 2103
idx : 2104
idx : 2105
idx : 2106
idx : 2107
idx : 2108
idx : 2109
idx : 2110
idx : 2111
idx : 5504
idx : 5505
idx : 5506
idx : 5507
idx : 5508
idx : 5509
idx : 5510
idx : 5511
idx : 5512
idx : 5513
idx : 5514
idx : 5515
idx : 5516
idx : 5517
idx : 5518
idx : 5519
idx : 5520
idx : 5521
idx : 5522
idx : 5523
idx : 5524
idx : 5525
idx : 5526
idx : 5527
idx : 5528
idx : 5529
idx : 5530
idx : 5531
idx : 5532
idx : 5533
idx : 5534
idx : 5535
idx : 3264
idx : 3265
idx : 3266
idx : 3267
idx : 3268
idx : 3269
idx : 3270
idx : 3271
idx : 3272
idx : 3273
idx : 3274
idx : 3275
idx : 3276
idx : 3277
idx : 3278
idx : 3279
idx : 3280
idx : 3281
idx : 3282
idx : 3283
idx : 3284
idx : 3285
idx : 3286
idx : 3287
idx : 3288
idx : 3289
idx : 3290
idx : 3291
idx : 3292
idx : 3293
idx : 3294
idx : 3295
idx : 192
idx : 193
idx : 194
idx : 195
idx : 196
idx : 197
idx : 198
idx : 199
idx : 200
idx : 201
idx : 202
idx : 203
idx : 204
idx : 205
idx : 206
idx : 207
idx : 208
idx : 209
idx : 210
idx : 211
idx : 212
idx : 213
idx : 214
idx : 215
idx : 216
idx : 217
idx : 218
idx : 219
idx : 220
idx : 221
idx : 222
idx : 223
idx : 5120
idx : 5121
idx : 5122
idx : 5123
idx : 5124
idx : 5125
idx : 5126
idx : 5127
idx : 5128
idx : 5129
idx : 5130
idx : 5131
idx : 5132
idx : 5133
idx : 5134
idx : 5135
idx : 5136
idx : 5137
idx : 5138
idx : 5139
idx : 5140
idx : 5141
idx : 5142
idx : 5143
idx : 5144
idx : 5145
idx : 5146
idx : 5147
idx : 5148
idx : 5149
idx : 5150
idx : 5151
idx : 3456
idx : 3457
idx : 3458
idx : 3459
idx : 3460
idx : 3461
idx : 3462
idx : 3463
idx : 3464
idx : 3465
idx : 3466
idx : 3467
idx : 3468
idx : 3469
idx : 3470
idx : 3471
idx : 3472
idx : 3473
idx : 3474
idx : 3475
idx : 3476
idx : 3477
idx : 3478
idx : 3479
idx : 3480
idx : 3481
idx : 3482
idx : 3483
idx : 3484
idx : 3485
idx : 3486
idx : 3487
idx : 1536
idx : 1537
idx : 1538
idx : 1539
idx : 1540
idx : 1541
idx : 1542
idx : 1543
idx : 1544
idx : 1545
idx : 1546
idx : 1547
idx : 1548
idx : 1549
idx : 1550
idx : 1551
idx : 1552
idx : 1553
idx : 1554
idx : 1555
idx : 1556
idx : 1557
idx : 1558
idx : 1559
idx : 1560
idx : 1561
idx : 1562
idx : 1563
idx : 1564
idx : 1565
idx : 1566
idx : 1567
idx : 1184
idx : 1185
idx : 1186
idx : 1187
idx : 1188
idx : 1189
idx : 1190
idx : 1191
idx : 1192
idx : 1193
idx : 1194
idx : 1195
idx : 1196
idx : 1197
idx : 1198
idx : 1199
idx : 1200
idx : 1201
idx : 1202
idx : 1203
idx : 1204
idx : 1205
idx : 1206
idx : 1207
idx : 1208
idx : 1209
idx : 1210
idx : 1211
idx : 1212
idx : 1213
idx : 1214
idx : 1215
idx : 6368
idx : 6369
idx : 6370
idx : 6371
idx : 6372
idx : 6373
idx : 6374
idx : 6375
idx : 6376
idx : 6377
idx : 6378
idx : 6379
idx : 6380
idx : 6381
idx : 6382
idx : 6383
idx : 6384
idx : 6385
idx : 6386
idx : 6387
idx : 6388
idx : 6389
idx : 6390
idx : 6391
idx : 6392
idx : 6393
idx : 6394
idx : 6395
idx : 6396
idx : 6397
idx : 6398
idx : 6399
idx : 3168
idx : 3169
idx : 3170
idx : 3171
idx : 3172
idx : 3173
idx : 3174
idx : 3175
idx : 3176
idx : 3177
idx : 3178
idx : 3179
idx : 3180
idx : 3181
idx : 3182
idx : 3183
idx : 3184
idx : 3185
idx : 3186
idx : 3187
idx : 3188
idx : 3189
idx : 3190
idx : 3191
idx : 3192
idx : 3193
idx : 3194
idx : 3195
idx : 3196
idx : 3197
idx : 3198
idx : 3199
idx : 6304
idx : 6305
idx : 6306
idx : 6307
idx : 6308
idx : 6309
idx : 6310
idx : 6311
idx : 6312
idx : 6313
idx : 6314
idx : 6315
idx : 6316
idx : 6317
idx : 6318
idx : 6319
idx : 6320
idx : 6321
idx : 6322
idx : 6323
idx : 6324
idx : 6325
idx : 6326
idx : 6327
idx : 6328
idx : 6329
idx : 6330
idx : 6331
idx : 6332
idx : 6333
idx : 6334
idx : 6335
idx : 4256
idx : 4257
idx : 4258
idx : 4259
idx : 4260
idx : 4261
idx : 4262
idx : 4263
idx : 4264
idx : 4265
idx : 4266
idx : 4267
idx : 4268
idx : 4269
idx : 4270
idx : 4271
idx : 4272
idx : 4273
idx : 4274
idx : 4275
idx : 4276
idx : 4277
idx : 4278
idx : 4279
idx : 4280
idx : 4281
idx : 4282
idx : 4283
idx : 4284
idx : 4285
idx : 4286
idx : 4287
idx : 2112
idx : 2113
idx : 2114
idx : 2115
idx : 2116
idx : 2117
idx : 2118
idx : 2119
idx : 2120
idx : 2121
idx : 2122
idx : 2123
idx : 2124
idx : 2125
idx : 2126
idx : 2127
idx : 2128
idx : 2129
idx : 2130
idx : 2131
idx : 2132
idx : 2133
idx : 2134
idx : 2135
idx : 2136
idx : 2137
idx : 2138
idx : 2139
idx : 2140
idx : 2141
idx : 2142
idx : 2143
idx : 2304
idx : 2305
idx : 2306
idx : 2307
idx : 2308
idx : 2309
idx : 2310
idx : 2311
idx : 2312
idx : 2313
idx : 2314
idx : 2315
idx : 2316
idx : 2317
idx : 2318
idx : 2319
idx : 2320
idx : 2321
idx : 2322
idx : 2323
idx : 2324
idx : 2325
idx : 2326
idx : 2327
idx : 2328
idx : 2329
idx : 2330
idx : 2331
idx : 2332
idx : 2333
idx : 2334
idx : 2335
idx : 5568
idx : 5569
idx : 5570
idx : 5571
idx : 5572
idx : 5573
idx : 5574
idx : 5575
idx : 5576
idx : 5577
idx : 5578
idx : 5579
idx : 5580
idx : 5581
idx : 5582
idx : 5583
idx : 5584
idx : 5585
idx : 5586
idx : 5587
idx : 5588
idx : 5589
idx : 5590
idx : 5591
idx : 5592
idx : 5593
idx : 5594
idx : 5595
idx : 5596
idx : 5597
idx : 5598
idx : 5599
idx : 2208
idx : 2209
idx : 2210
idx : 2211
idx : 2212
idx : 2213
idx : 2214
idx : 2215
idx : 2216
idx : 2217
idx : 2218
idx : 2219
idx : 2220
idx : 2221
idx : 2222
idx : 2223
idx : 2224
idx : 2225
idx : 2226
idx : 2227
idx : 2228
idx : 2229
idx : 2230
idx : 2231
idx : 2232
idx : 2233
idx : 2234
idx : 2235
idx : 2236
idx : 2237
idx : 2238
idx : 2239
idx : 1344
idx : 1345
idx : 1346
idx : 1347
idx : 1348
idx : 1349
idx : 1350
idx : 1351
idx : 1352
idx : 1353
idx : 1354
idx : 1355
idx : 1356
idx : 1357
idx : 1358
idx : 1359
idx : 1360
idx : 1361
idx : 1362
idx : 1363
idx : 1364
idx : 1365
idx : 1366
idx : 1367
idx : 1368
idx : 1369
idx : 1370
idx : 1371
idx : 1372
idx : 1373
idx : 1374
idx : 1375
idx : 128
idx : 129
idx : 130
idx : 131
idx : 132
idx : 133
idx : 134
idx : 135
idx : 136
idx : 137
idx : 138
idx : 139
idx : 140
idx : 141
idx : 142
idx : 143
idx : 144
idx : 145
idx : 146
idx : 147
idx : 148
idx : 149
idx : 150
idx : 151
idx : 152
idx : 153
idx : 154
idx : 155
idx : 156
idx : 157
idx : 158
idx : 159
idx : 4192
idx : 4193
idx : 4194
idx : 4195
idx : 4196
idx : 4197
idx : 4198
idx : 4199
idx : 4200
idx : 4201
idx : 4202
idx : 4203
idx : 4204
idx : 4205
idx : 4206
idx : 4207
idx : 4208
idx : 4209
idx : 4210
idx : 4211
idx : 4212
idx : 4213
idx : 4214
idx : 4215
idx : 4216
idx : 4217
idx : 4218
idx : 4219
idx : 4220
idx : 4221
idx : 4222
idx : 4223
idx : 0
idx : 1
idx : 2
idx : 3
idx : 4
idx : 5
idx : 6
idx : 7
idx : 8
idx : 9
idx : 10
idx : 11
idx : 12
idx : 13
idx : 14
idx : 15
idx : 16
idx : 17
idx : 18
idx : 19
idx : 20
idx : 21
idx : 22
idx : 23
idx : 24
idx : 25
idx : 26
idx : 27
idx : 28
idx : 29
idx : 30
idx : 31
idx : 4096
idx : 4097
idx : 4098
idx : 4099
idx : 4100
idx : 4101
idx : 4102
idx : 4103
idx : 4104
idx : 4105
idx : 4106
idx : 4107
idx : 4108
idx : 4109
idx : 4110
idx : 4111
idx : 4112
idx : 4113
idx : 4114
idx : 4115
idx : 4116
idx : 4117
idx : 4118
idx : 4119
idx : 4120
idx : 4121
idx : 4122
idx : 4123
idx : 4124
idx : 4125
idx : 4126
idx : 4127
idx : 1120
idx : 1121
idx : 1122
idx : 1123
idx : 1124
idx : 1125
idx : 1126
idx : 1127
idx : 1128
idx : 1129
idx : 1130
idx : 1131
idx : 1132
idx : 1133
idx : 1134
idx : 1135
idx : 1136
idx : 1137
idx : 1138
idx : 1139
idx : 1140
idx : 1141
idx : 1142
idx : 1143
idx : 1144
idx : 1145
idx : 1146
idx : 1147
idx : 1148
idx : 1149
idx : 1150
idx : 1151
idx : 96
idx : 97
idx : 98
idx : 99
idx : 100
idx : 101
idx : 102
idx : 103
idx : 104
idx : 105
idx : 106
idx : 107
idx : 108
idx : 109
idx : 110
idx : 111
idx : 112
idx : 113
idx : 114
idx : 115
idx : 116
idx : 117
idx : 118
idx : 119
idx : 120
idx : 121
idx : 122
idx : 123
idx : 124
idx : 125
idx : 126
idx : 127
idx : 3520
idx : 3521
idx : 3522
idx : 3523
idx : 3524
idx : 3525
idx : 3526
idx : 3527
idx : 3528
idx : 3529
idx : 3530
idx : 3531
idx : 3532
idx : 3533
idx : 3534
idx : 3535
idx : 3536
idx : 3537
idx : 3538
idx : 3539
idx : 3540
idx : 3541
idx : 3542
idx : 3543
idx : 3544
idx : 3545
idx : 3546
idx : 3547
idx : 3548
idx : 3549
idx : 3550
idx : 3551
idx : 1664
idx : 1665
idx : 1666
idx : 1667
idx : 1668
idx : 1669
idx : 1670
idx : 1671
idx : 1672
idx : 1673
idx : 1674
idx : 1675
idx : 1676
idx : 1677
idx : 1678
idx : 1679
idx : 1680
idx : 1681
idx : 1682
idx : 1683
idx : 1684
idx : 1685
idx : 1686
idx : 1687
idx : 1688
idx : 1689
idx : 1690
idx : 1691
idx : 1692
idx : 1693
idx : 1694
idx : 1695
idx : 6176
idx : 6177
idx : 6178
idx : 6179
idx : 6180
idx : 6181
idx : 6182
idx : 6183
idx : 6184
idx : 6185
idx : 6186
idx : 6187
idx : 6188
idx : 6189
idx : 6190
idx : 6191
idx : 6192
idx : 6193
idx : 6194
idx : 6195
idx : 6196
idx : 6197
idx : 6198
idx : 6199
idx : 6200
idx : 6201
idx : 6202
idx : 6203
idx : 6204
idx : 6205
idx : 6206
idx : 6207
idx : 4128
idx : 4129
idx : 4130
idx : 4131
idx : 4132
idx : 4133
idx : 4134
idx : 4135
idx : 4136
idx : 4137
idx : 4138
idx : 4139
idx : 4140
idx : 4141
idx : 4142
idx : 4143
idx : 4144
idx : 4145
idx : 4146
idx : 4147
idx : 4148
idx : 4149
idx : 4150
idx : 4151
idx : 4152
idx : 4153
idx : 4154
idx : 4155
idx : 4156
idx : 4157
idx : 4158
idx : 4159
idx : 5248
idx : 5249
idx : 5250
idx : 5251
idx : 5252
idx : 5253
idx : 5254
idx : 5255
idx : 5256
idx : 5257
idx : 5258
idx : 5259
idx : 5260
idx : 5261
idx : 5262
idx : 5263
idx : 5264
idx : 5265
idx : 5266
idx : 5267
idx : 5268
idx : 5269
idx : 5270
idx : 5271
idx : 5272
idx : 5273
idx : 5274
idx : 5275
idx : 5276
idx : 5277
idx : 5278
idx : 5279
idx : 6208
idx : 6209
idx : 6210
idx : 6211
idx : 6212
idx : 6213
idx : 6214
idx : 6215
idx : 6216
idx : 6217
idx : 6218
idx : 6219
idx : 6220
idx : 6221
idx : 6222
idx : 6223
idx : 6224
idx : 6225
idx : 6226
idx : 6227
idx : 6228
idx : 6229
idx : 6230
idx : 6231
idx : 6232
idx : 6233
idx : 6234
idx : 6235
idx : 6236
idx : 6237
idx : 6238
idx : 6239
idx : 2496
idx : 2497
idx : 2498
idx : 2499
idx : 2500
idx : 2501
idx : 2502
idx : 2503
idx : 2504
idx : 2505
idx : 2506
idx : 2507
idx : 2508
idx : 2509
idx : 2510
idx : 2511
idx : 2512
idx : 2513
idx : 2514
idx : 2515
idx : 2516
idx : 2517
idx : 2518
idx : 2519
idx : 2520
idx : 2521
idx : 2522
idx : 2523
idx : 2524
idx : 2525
idx : 2526
idx : 2527
idx : 1216
idx : 1217
idx : 1218
idx : 1219
idx : 1220
idx : 1221
idx : 1222
idx : 1223
idx : 1224
idx : 1225
idx : 1226
idx : 1227
idx : 1228
idx : 1229
idx : 1230
idx : 1231
idx : 1232
idx : 1233
idx : 1234
idx : 1235
idx : 1236
idx : 1237
idx : 1238
idx : 1239
idx : 1240
idx : 1241
idx : 1242
idx : 1243
idx : 1244
idx : 1245
idx : 1246
idx : 1247
idx : 3136
idx : 3137
idx : 3138
idx : 3139
idx : 3140
idx : 3141
idx : 3142
idx : 3143
idx : 3144
idx : 3145
idx : 3146
idx : 3147
idx : 3148
idx : 3149
idx : 3150
idx : 3151
idx : 3152
idx : 3153
idx : 3154
idx : 3155
idx : 3156
idx : 3157
idx : 3158
idx : 3159
idx : 3160
idx : 3161
idx : 3162
idx : 3163
idx : 3164
idx : 3165
idx : 3166
idx : 3167
idx : 5216
idx : 5217
idx : 5218
idx : 5219
idx : 5220
idx : 5221
idx : 5222
idx : 5223
idx : 5224
idx : 5225
idx : 5226
idx : 5227
idx : 5228
idx : 5229
idx : 5230
idx : 5231
idx : 5232
idx : 5233
idx : 5234
idx : 5235
idx : 5236
idx : 5237
idx : 5238
idx : 5239
idx : 5240
idx : 5241
idx : 5242
idx : 5243
idx : 5244
idx : 5245
idx : 5246
idx : 5247
idx : 3232
idx : 3233
idx : 3234
idx : 3235
idx : 3236
idx : 3237
idx : 3238
idx : 3239
idx : 3240
idx : 3241
idx : 3242
idx : 3243
idx : 3244
idx : 3245
idx : 3246
idx : 3247
idx : 3248
idx : 3249
idx : 3250
idx : 3251
idx : 3252
idx : 3253
idx : 3254
idx : 3255
idx : 3256
idx : 3257
idx : 3258
idx : 3259
idx : 3260
idx : 3261
idx : 3262
idx : 3263
idx : 5152
idx : 5153
idx : 5154
idx : 5155
idx : 5156
idx : 5157
idx : 5158
idx : 5159
idx : 5160
idx : 5161
idx : 5162
idx : 5163
idx : 5164
idx : 5165
idx : 5166
idx : 5167
idx : 5168
idx : 5169
idx : 5170
idx : 5171
idx : 5172
idx : 5173
idx : 5174
idx : 5175
idx : 5176
idx : 5177
idx : 5178
idx : 5179
idx : 5180
idx : 5181
idx : 5182
idx : 5183
idx : 1312
idx : 1313
idx : 1314
idx : 1315
idx : 1316
idx : 1317
idx : 1318
idx : 1319
idx : 1320
idx : 1321
idx : 1322
idx : 1323
idx : 1324
idx : 1325
idx : 1326
idx : 1327
idx : 1328
idx : 1329
idx : 1330
idx : 1331
idx : 1332
idx : 1333
idx : 1334
idx : 1335
idx : 1336
idx : 1337
idx : 1338
idx : 1339
idx : 1340
idx : 1341
idx : 1342
idx : 1343
idx : 3200
idx : 3201
idx : 3202
idx : 3203
idx : 3204
idx : 3205
idx : 3206
idx : 3207
idx : 3208
idx : 3209
idx : 3210
idx : 3211
idx : 3212
idx : 3213
idx : 3214
idx : 3215
idx : 3216
idx : 3217
idx : 3218
idx : 3219
idx : 3220
idx : 3221
idx : 3222
idx : 3223
idx : 3224
idx : 3225
idx : 3226
idx : 3227
idx : 3228
idx : 3229
idx : 3230
idx : 3231
idx : 6432
idx : 6433
idx : 6434
idx : 6435
idx : 6436
idx : 6437
idx : 6438
idx : 6439
idx : 6440
idx : 6441
idx : 6442
idx : 6443
idx : 6444
idx : 6445
idx : 6446
idx : 6447
idx : 6448
idx : 6449
idx : 6450
idx : 6451
idx : 6452
idx : 6453
idx : 6454
idx : 6455
idx : 6456
idx : 6457
idx : 6458
idx : 6459
idx : 6460
idx : 6461
idx : 6462
idx : 6463
idx : 6240
idx : 6241
idx : 6242
idx : 6243
idx : 6244
idx : 6245
idx : 6246
idx : 6247
idx : 6248
idx : 6249
idx : 6250
idx : 6251
idx : 6252
idx : 6253
idx : 6254
idx : 6255
idx : 6256
idx : 6257
idx : 6258
idx : 6259
idx : 6260
idx : 6261
idx : 6262
idx : 6263
idx : 6264
idx : 6265
idx : 6266
idx : 6267
idx : 6268
idx : 6269
idx : 6270
idx : 6271
idx : 6336
idx : 6337
idx : 6338
idx : 6339
idx : 6340
idx : 6341
idx : 6342
idx : 6343
idx : 6344
idx : 6345
idx : 6346
idx : 6347
idx : 6348
idx : 6349
idx : 6350
idx : 6351
idx : 6352
idx : 6353
idx : 6354
idx : 6355
idx : 6356
idx : 6357
idx : 6358
idx : 6359
idx : 6360
idx : 6361
idx : 6362
idx : 6363
idx : 6364
idx : 6365
idx : 6366
idx : 6367
idx : 1248
idx : 1249
idx : 1250
idx : 1251
idx : 1252
idx : 1253
idx : 1254
idx : 1255
idx : 1256
idx : 1257
idx : 1258
idx : 1259
idx : 1260
idx : 1261
idx : 1262
idx : 1263
idx : 1264
idx : 1265
idx : 1266
idx : 1267
idx : 1268
idx : 1269
idx : 1270
idx : 1271
idx : 1272
idx : 1273
idx : 1274
idx : 1275
idx : 1276
idx : 1277
idx : 1278
idx : 1279
idx : 6496
idx : 6497
idx : 6498
idx : 6499
idx : 6500
idx : 6501
idx : 6502
idx : 6503
idx : 6504
idx : 6505
idx : 6506
idx : 6507
idx : 6508
idx : 6509
idx : 6510
idx : 6511
idx : 6512
idx : 6513
idx : 6514
idx : 6515
idx : 6516
idx : 6517
idx : 6518
idx : 6519
idx : 6520
idx : 6521
idx : 6522
idx : 6523
idx : 6524
idx : 6525
idx : 6526
idx : 6527
idx : 352
idx : 353
idx : 354
idx : 355
idx : 356
idx : 357
idx : 358
idx : 359
idx : 360
idx : 361
idx : 362
idx : 363
idx : 364
idx : 365
idx : 366
idx : 367
idx : 368
idx : 369
idx : 370
idx : 371
idx : 372
idx : 373
idx : 374
idx : 375
idx : 376
idx : 377
idx : 378
idx : 379
idx : 380
idx : 381
idx : 382
idx : 383
idx : 7168
idx : 7169
idx : 7170
idx : 7171
idx : 7172
idx : 7173
idx : 7174
idx : 7175
idx : 7176
idx : 7177
idx : 7178
idx : 7179
idx : 7180
idx : 7181
idx : 7182
idx : 7183
idx : 7184
idx : 7185
idx : 7186
idx : 7187
idx : 7188
idx : 7189
idx : 7190
idx : 7191
idx : 7192
idx : 7193
idx : 7194
idx : 7195
idx : 7196
idx : 7197
idx : 7198
idx : 7199
idx : 1088
idx : 1089
idx : 1090
idx : 1091
idx : 1092
idx : 1093
idx : 1094
idx : 1095
idx : 1096
idx : 1097
idx : 1098
idx : 1099
idx : 1100
idx : 1101
idx : 1102
idx : 1103
idx : 1104
idx : 1105
idx : 1106
idx : 1107
idx : 1108
idx : 1109
idx : 1110
idx : 1111
idx : 1112
idx : 1113
idx : 1114
idx : 1115
idx : 1116
idx : 1117
idx : 1118
idx : 1119
idx : 1408
idx : 1409
idx : 1410
idx : 1411
idx : 1412
idx : 1413
idx : 1414
idx : 1415
idx : 1416
idx : 1417
idx : 1418
idx : 1419
idx : 1420
idx : 1421
idx : 1422
idx : 1423
idx : 1424
idx : 1425
idx : 1426
idx : 1427
idx : 1428
idx : 1429
idx : 1430
idx : 1431
idx : 1432
idx : 1433
idx : 1434
idx : 1435
idx : 1436
idx : 1437
idx : 1438
idx : 1439
idx : 1056
idx : 1057
idx : 1058
idx : 1059
idx : 1060
idx : 1061
idx : 1062
idx : 1063
idx : 1064
idx : 1065
idx : 1066
idx : 1067
idx : 1068
idx : 1069
idx : 1070
idx : 1071
idx : 1072
idx : 1073
idx : 1074
idx : 1075
idx : 1076
idx : 1077
idx : 1078
idx : 1079
idx : 1080
idx : 1081
idx : 1082
idx : 1083
idx : 1084
idx : 1085
idx : 1086
idx : 1087
idx : 3392
idx : 3393
idx : 3394
idx : 3395
idx : 3396
idx : 3397
idx : 3398
idx : 3399
idx : 3400
idx : 3401
idx : 3402
idx : 3403
idx : 3404
idx : 3405
idx : 3406
idx : 3407
idx : 3408
idx : 3409
idx : 3410
idx : 3411
idx : 3412
idx : 3413
idx : 3414
idx : 3415
idx : 3416
idx : 3417
idx : 3418
idx : 3419
idx : 3420
idx : 3421
idx : 3422
idx : 3423
idx : 1280
idx : 1281
idx : 1282
idx : 1283
idx : 1284
idx : 1285
idx : 1286
idx : 1287
idx : 1288
idx : 1289
idx : 1290
idx : 1291
idx : 1292
idx : 1293
idx : 1294
idx : 1295
idx : 1296
idx : 1297
idx : 1298
idx : 1299
idx : 1300
idx : 1301
idx : 1302
idx : 1303
idx : 1304
idx : 1305
idx : 1306
idx : 1307
idx : 1308
idx : 1309
idx : 1310
idx : 1311
idx : 1440
idx : 1441
idx : 1442
idx : 1443
idx : 1444
idx : 1445
idx : 1446
idx : 1447
idx : 1448
idx : 1449
idx : 1450
idx : 1451
idx : 1452
idx : 1453
idx : 1454
idx : 1455
idx : 1456
idx : 1457
idx : 1458
idx : 1459
idx : 1460
idx : 1461
idx : 1462
idx : 1463
idx : 1464
idx : 1465
idx : 1466
idx : 1467
idx : 1468
idx : 1469
idx : 1470
idx : 1471
idx : 1152
idx : 1153
idx : 1154
idx : 1155
idx : 1156
idx : 1157
idx : 1158
idx : 1159
idx : 1160
idx : 1161
idx : 1162
idx : 1163
idx : 1164
idx : 1165
idx : 1166
idx : 1167
idx : 1168
idx : 1169
idx : 1170
idx : 1171
idx : 1172
idx : 1173
idx : 1174
idx : 1175
idx : 1176
idx : 1177
idx : 1178
idx : 1179
idx : 1180
idx : 1181
idx : 1182
idx : 1183
idx : 6400
idx : 6401
idx : 6402
idx : 6403
idx : 6404
idx : 6405
idx : 6406
idx : 6407
idx : 6408
idx : 6409
idx : 6410
idx : 6411
idx : 6412
idx : 6413
idx : 6414
idx : 6415
idx : 6416
idx : 6417
idx : 6418
idx : 6419
idx : 6420
idx : 6421
idx : 6422
idx : 6423
idx : 6424
idx : 6425
idx : 6426
idx : 6427
idx : 6428
idx : 6429
idx : 6430
idx : 6431
idx : 7936
idx : 7937
idx : 7938
idx : 7939
idx : 7940
idx : 7941
idx : 7942
idx : 7943
idx : 7944
idx : 7945
idx : 7946
idx : 7947
idx : 7948
idx : 7949
idx : 7950
idx : 7951
idx : 7952
idx : 7953
idx : 7954
idx : 7955
idx : 7956
idx : 7957
idx : 7958
idx : 7959
idx : 7960
idx : 7961
idx : 7962
idx : 7963
idx : 7964
idx : 7965
idx : 7966
idx : 7967
idx : 7808
idx : 7809
idx : 7810
idx : 7811
idx : 7812
idx : 7813
idx : 7814
idx : 7815
idx : 7816
idx : 7817
idx : 7818
idx : 7819
idx : 7820
idx : 7821
idx : 7822
idx : 7823
idx : 7824
idx : 7825
idx : 7826
idx : 7827
idx : 7828
idx : 7829
idx : 7830
idx : 7831
idx : 7832
idx : 7833
idx : 7834
idx : 7835
idx : 7836
idx : 7837
idx : 7838
idx : 7839
idx : 7296
idx : 7297
idx : 7298
idx : 7299
idx : 7300
idx : 7301
idx : 7302
idx : 7303
idx : 7304
idx : 7305
idx : 7306
idx : 7307
idx : 7308
idx : 7309
idx : 7310
idx : 7311
idx : 7312
idx : 7313
idx : 7314
idx : 7315
idx : 7316
idx : 7317
idx : 7318
idx : 7319
idx : 7320
idx : 7321
idx : 7322
idx : 7323
idx : 7324
idx : 7325
idx : 7326
idx : 7327
idx : 2400
idx : 2401
idx : 2402
idx : 2403
idx : 2404
idx : 2405
idx : 2406
idx : 2407
idx : 2408
idx : 2409
idx : 2410
idx : 2411
idx : 2412
idx : 2413
idx : 2414
idx : 2415
idx : 2416
idx : 2417
idx : 2418
idx : 2419
idx : 2420
idx : 2421
idx : 2422
idx : 2423
idx : 2424
idx : 2425
idx : 2426
idx : 2427
idx : 2428
idx : 2429
idx : 2430
idx : 2431
idx : 2272
idx : 2273
idx : 2274
idx : 2275
idx : 2276
idx : 2277
idx : 2278
idx : 2279
idx : 2280
idx : 2281
idx : 2282
idx : 2283
idx : 2284
idx : 2285
idx : 2286
idx : 2287
idx : 2288
idx : 2289
idx : 2290
idx : 2291
idx : 2292
idx : 2293
idx : 2294
idx : 2295
idx : 2296
idx : 2297
idx : 2298
idx : 2299
idx : 2300
idx : 2301
idx : 2302
idx : 2303
idx : 2368
idx : 2369
idx : 2370
idx : 2371
idx : 2372
idx : 2373
idx : 2374
idx : 2375
idx : 2376
idx : 2377
idx : 2378
idx : 2379
idx : 2380
idx : 2381
idx : 2382
idx : 2383
idx : 2384
idx : 2385
idx : 2386
idx : 2387
idx : 2388
idx : 2389
idx : 2390
idx : 2391
idx : 2392
idx : 2393
idx : 2394
idx : 2395
idx : 2396
idx : 2397
idx : 2398
idx : 2399
idx : 2240
idx : 2241
idx : 2242
idx : 2243
idx : 2244
idx : 2245
idx : 2246
idx : 2247
idx : 2248
idx : 2249
idx : 2250
idx : 2251
idx : 2252
idx : 2253
idx : 2254
idx : 2255
idx : 2256
idx : 2257
idx : 2258
idx : 2259
idx : 2260
idx : 2261
idx : 2262
idx : 2263
idx : 2264
idx : 2265
idx : 2266
idx : 2267
idx : 2268
idx : 2269
idx : 2270
idx : 2271
idx : 4992
idx : 4993
idx : 4994
idx : 4995
idx : 4996
idx : 4997
idx : 4998
idx : 4999
idx : 5000
idx : 5001
idx : 5002
idx : 5003
idx : 5004
idx : 5005
idx : 5006
idx : 5007
idx : 5008
idx : 5009
idx : 5010
idx : 5011
idx : 5012
idx : 5013
idx : 5014
idx : 5015
idx : 5016
idx : 5017
idx : 5018
idx : 5019
idx : 5020
idx : 5021
idx : 5022
idx : 5023
idx : 4864
idx : 4865
idx : 4866
idx : 4867
idx : 4868
idx : 4869
idx : 4870
idx : 4871
idx : 4872
idx : 4873
idx : 4874
idx : 4875
idx : 4876
idx : 4877
idx : 4878
idx : 4879
idx : 4880
idx : 4881
idx : 4882
idx : 4883
idx : 4884
idx : 4885
idx : 4886
idx : 4887
idx : 4888
idx : 4889
idx : 4890
idx : 4891
idx : 4892
idx : 4893
idx : 4894
idx : 4895
idx : 4736
idx : 4737
idx : 4738
idx : 4739
idx : 4740
idx : 4741
idx : 4742
idx : 4743
idx : 4744
idx : 4745
idx : 4746
idx : 4747
idx : 4748
idx : 4749
idx : 4750
idx : 4751
idx : 4752
idx : 4753
idx : 4754
idx : 4755
idx : 4756
idx : 4757
idx : 4758
idx : 4759
idx : 4760
idx : 4761
idx : 4762
idx : 4763
idx : 4764
idx : 4765
idx : 4766
idx : 4767
idx : 4224
idx : 4225
idx : 4226
idx : 4227
idx : 4228
idx : 4229
idx : 4230
idx : 4231
idx : 4232
idx : 4233
idx : 4234
idx : 4235
idx : 4236
idx : 4237
idx : 4238
idx : 4239
idx : 4240
idx : 4241
idx : 4242
idx : 4243
idx : 4244
idx : 4245
idx : 4246
idx : 4247
idx : 4248
idx : 4249
idx : 4250
idx : 4251
idx : 4252
idx : 4253
idx : 4254
idx : 4255
idx : 4160
idx : 4161
idx : 4162
idx : 4163
idx : 4164
idx : 4165
idx : 4166
idx : 4167
idx : 4168
idx : 4169
idx : 4170
idx : 4171
idx : 4172
idx : 4173
idx : 4174
idx : 4175
idx : 4176
idx : 4177
idx : 4178
idx : 4179
idx : 4180
idx : 4181
idx : 4182
idx : 4183
idx : 4184
idx : 4185
idx : 4186
idx : 4187
idx : 4188
idx : 4189
idx : 4190
idx : 4191
idx : 5344
idx : 5345
idx : 5346
idx : 5347
idx : 5348
idx : 5349
idx : 5350
idx : 5351
idx : 5352
idx : 5353
idx : 5354
idx : 5355
idx : 5356
idx : 5357
idx : 5358
idx : 5359
idx : 5360
idx : 5361
idx : 5362
idx : 5363
idx : 5364
idx : 5365
idx : 5366
idx : 5367
idx : 5368
idx : 5369
idx : 5370
idx : 5371
idx : 5372
idx : 5373
idx : 5374
idx : 5375
idx : 544
idx : 545
idx : 546
idx : 547
idx : 548
idx : 549
idx : 550
idx : 551
idx : 552
idx : 553
idx : 554
idx : 555
idx : 556
idx : 557
idx : 558
idx : 559
idx : 560
idx : 561
idx : 562
idx : 563
idx : 564
idx : 565
idx : 566
idx : 567
idx : 568
idx : 569
idx : 570
idx : 571
idx : 572
idx : 573
idx : 574
idx : 575
idx : 800
idx : 801
idx : 802
idx : 803
idx : 804
idx : 805
idx : 806
idx : 807
idx : 808
idx : 809
idx : 810
idx : 811
idx : 812
idx : 813
idx : 814
idx : 815
idx : 816
idx : 817
idx : 818
idx : 819
idx : 820
idx : 821
idx : 822
idx : 823
idx : 824
idx : 825
idx : 826
idx : 827
idx : 828
idx : 829
idx : 830
idx : 831
idx : 6592
idx : 6593
idx : 6594
idx : 6595
idx : 6596
idx : 6597
idx : 6598
idx : 6599
idx : 6600
idx : 6601
idx : 6602
idx : 6603
idx : 6604
idx : 6605
idx : 6606
idx : 6607
idx : 6608
idx : 6609
idx : 6610
idx : 6611
idx : 6612
idx : 6613
idx : 6614
idx : 6615
idx : 6616
idx : 6617
idx : 6618
idx : 6619
idx : 6620
idx : 6621
idx : 6622
idx : 6623
idx : 6144
idx : 6145
idx : 6146
idx : 6147
idx : 6148
idx : 6149
idx : 6150
idx : 6151
idx : 6152
idx : 6153
idx : 6154
idx : 6155
idx : 6156
idx : 6157
idx : 6158
idx : 6159
idx : 6160
idx : 6161
idx : 6162
idx : 6163
idx : 6164
idx : 6165
idx : 6166
idx : 6167
idx : 6168
idx : 6169
idx : 6170
idx : 6171
idx : 6172
idx : 6173
idx : 6174
idx : 6175
idx : 6272
idx : 6273
idx : 6274
idx : 6275
idx : 6276
idx : 6277
idx : 6278
idx : 6279
idx : 6280
idx : 6281
idx : 6282
idx : 6283
idx : 6284
idx : 6285
idx : 6286
idx : 6287
idx : 6288
idx : 6289
idx : 6290
idx : 6291
idx : 6292
idx : 6293
idx : 6294
idx : 6295
idx : 6296
idx : 6297
idx : 6298
idx : 6299
idx : 6300
idx : 6301
idx : 6302
idx : 6303
idx : 5536
idx : 5537
idx : 5538
idx : 5539
idx : 5540
idx : 5541
idx : 5542
idx : 5543
idx : 5544
idx : 5545
idx : 5546
idx : 5547
idx : 5548
idx : 5549
idx : 5550
idx : 5551
idx : 5552
idx : 5553
idx : 5554
idx : 5555
idx : 5556
idx : 5557
idx : 5558
idx : 5559
idx : 5560
idx : 5561
idx : 5562
idx : 5563
idx : 5564
idx : 5565
idx : 5566
idx : 5567
idx : 5184
idx : 5185
idx : 5186
idx : 5187
idx : 5188
idx : 5189
idx : 5190
idx : 5191
idx : 5192
idx : 5193
idx : 5194
idx : 5195
idx : 5196
idx : 5197
idx : 5198
idx : 5199
idx : 5200
idx : 5201
idx : 5202
idx : 5203
idx : 5204
idx : 5205
idx : 5206
idx : 5207
idx : 5208
idx : 5209
idx : 5210
idx : 5211
idx : 5212
idx : 5213
idx : 5214
idx : 5215
idx : 5280
idx : 5281
idx : 5282
idx : 5283
idx : 5284
idx : 5285
idx : 5286
idx : 5287
idx : 5288
idx : 5289
idx : 5290
idx : 5291
idx : 5292
idx : 5293
idx : 5294
idx : 5295
idx : 5296
idx : 5297
idx : 5298
idx : 5299
idx : 5300
idx : 5301
idx : 5302
idx : 5303
idx : 5304
idx : 5305
idx : 5306
idx : 5307
idx : 5308
idx : 5309
idx : 5310
idx : 5311
idx : 224
idx : 225
idx : 226
idx : 227
idx : 228
idx : 229
idx : 230
idx : 231
idx : 232
idx : 233
idx : 234
idx : 235
idx : 236
idx : 237
idx : 238
idx : 239
idx : 240
idx : 241
idx : 242
idx : 243
idx : 244
idx : 245
idx : 246
idx : 247
idx : 248
idx : 249
idx : 250
idx : 251
idx : 252
idx : 253
idx : 254
idx : 255
idx : 384
idx : 385
idx : 386
idx : 387
idx : 388
idx : 389
idx : 390
idx : 391
idx : 392
idx : 393
idx : 394
idx : 395
idx : 396
idx : 397
idx : 398
idx : 399
idx : 400
idx : 401
idx : 402
idx : 403
idx : 404
idx : 405
idx : 406
idx : 407
idx : 408
idx : 409
idx : 410
idx : 411
idx : 412
idx : 413
idx : 414
idx : 415
idx : 32
idx : 33
idx : 34
idx : 35
idx : 36
idx : 37
idx : 38
idx : 39
idx : 40
idx : 41
idx : 42
idx : 43
idx : 44
idx : 45
idx : 46
idx : 47
idx : 48
idx : 49
idx : 50
idx : 51
idx : 52
idx : 53
idx : 54
idx : 55
idx : 56
idx : 57
idx : 58
idx : 59
idx : 60
idx : 61
idx : 62
idx : 63
idx : 256
idx : 257
idx : 258
idx : 259
idx : 260
idx : 261
idx : 262
idx : 263
idx : 264
idx : 265
idx : 266
idx : 267
idx : 268
idx : 269
idx : 270
idx : 271
idx : 272
idx : 273
idx : 274
idx : 275
idx : 276
idx : 277
idx : 278
idx : 279
idx : 280
idx : 281
idx : 282
idx : 283
idx : 284
idx : 285
idx : 286
idx : 287
idx : 3712
idx : 3713
idx : 3714
idx : 3715
idx : 3716
idx : 3717
idx : 3718
idx : 3719
idx : 3720
idx : 3721
idx : 3722
idx : 3723
idx : 3724
idx : 3725
idx : 3726
idx : 3727
idx : 3728
idx : 3729
idx : 3730
idx : 3731
idx : 3732
idx : 3733
idx : 3734
idx : 3735
idx : 3736
idx : 3737
idx : 3738
idx : 3739
idx : 3740
idx : 3741
idx : 3742
idx : 3743
idx : 3616
idx : 3617
idx : 3618
idx : 3619
idx : 3620
idx : 3621
idx : 3622
idx : 3623
idx : 3624
idx : 3625
idx : 3626
idx : 3627
idx : 3628
idx : 3629
idx : 3630
idx : 3631
idx : 3632
idx : 3633
idx : 3634
idx : 3635
idx : 3636
idx : 3637
idx : 3638
idx : 3639
idx : 3640
idx : 3641
idx : 3642
idx : 3643
idx : 3644
idx : 3645
idx : 3646
idx : 3647
idx : 1376
idx : 1377
idx : 1378
idx : 1379
idx : 1380
idx : 1381
idx : 1382
idx : 1383
idx : 1384
idx : 1385
idx : 1386
idx : 1387
idx : 1388
idx : 1389
idx : 1390
idx : 1391
idx : 1392
idx : 1393
idx : 1394
idx : 1395
idx : 1396
idx : 1397
idx : 1398
idx : 1399
idx : 1400
idx : 1401
idx : 1402
idx : 1403
idx : 1404
idx : 1405
idx : 1406
idx : 1407
idx : 1472
idx : 1473
idx : 1474
idx : 1475
idx : 1476
idx : 1477
idx : 1478
idx : 1479
idx : 1480
idx : 1481
idx : 1482
idx : 1483
idx : 1484
idx : 1485
idx : 1486
idx : 1487
idx : 1488
idx : 1489
idx : 1490
idx : 1491
idx : 1492
idx : 1493
idx : 1494
idx : 1495
idx : 1496
idx : 1497
idx : 1498
idx : 1499
idx : 1500
idx : 1501
idx : 1502
idx : 1503
idx : 3648
idx : 3649
idx : 3650
idx : 3651
idx : 3652
idx : 3653
idx : 3654
idx : 3655
idx : 3656
idx : 3657
idx : 3658
idx : 3659
idx : 3660
idx : 3661
idx : 3662
idx : 3663
idx : 3664
idx : 3665
idx : 3666
idx : 3667
idx : 3668
idx : 3669
idx : 3670
idx : 3671
idx : 3672
idx : 3673
idx : 3674
idx : 3675
idx : 3676
idx : 3677
idx : 3678
idx : 3679
idx : 3072
idx : 3073
idx : 3074
idx : 3075
idx : 3076
idx : 3077
idx : 3078
idx : 3079
idx : 3080
idx : 3081
idx : 3082
idx : 3083
idx : 3084
idx : 3085
idx : 3086
idx : 3087
idx : 3088
idx : 3089
idx : 3090
idx : 3091
idx : 3092
idx : 3093
idx : 3094
idx : 3095
idx : 3096
idx : 3097
idx : 3098
idx : 3099
idx : 3100
idx : 3101
idx : 3102
idx : 3103
idx : 1024
idx : 1025
idx : 1026
idx : 1027
idx : 1028
idx : 1029
idx : 1030
idx : 1031
idx : 1032
idx : 1033
idx : 1034
idx : 1035
idx : 1036
idx : 1037
idx : 1038
idx : 1039
idx : 1040
idx : 1041
idx : 1042
idx : 1043
idx : 1044
idx : 1045
idx : 1046
idx : 1047
idx : 1048
idx : 1049
idx : 1050
idx : 1051
idx : 1052
idx : 1053
idx : 1054
idx : 1055
idx : 4480
idx : 4481
idx : 4482
idx : 4483
idx : 4484
idx : 4485
idx : 4486
idx : 4487
idx : 4488
idx : 4489
idx : 4490
idx : 4491
idx : 4492
idx : 4493
idx : 4494
idx : 4495
idx : 4496
idx : 4497
idx : 4498
idx : 4499
idx : 4500
idx : 4501
idx : 4502
idx : 4503
idx : 4504
idx : 4505
idx : 4506
idx : 4507
idx : 4508
idx : 4509
idx : 4510
idx : 4511
idx : 4352
idx : 4353
idx : 4354
idx : 4355
idx : 4356
idx : 4357
idx : 4358
idx : 4359
idx : 4360
idx : 4361
idx : 4362
idx : 4363
idx : 4364
idx : 4365
idx : 4366
idx : 4367
idx : 4368
idx : 4369
idx : 4370
idx : 4371
idx : 4372
idx : 4373
idx : 4374
idx : 4375
idx : 4376
idx : 4377
idx : 4378
idx : 4379
idx : 4380
idx : 4381
idx : 4382
idx : 4383
idx : 7520
idx : 7521
idx : 7522
idx : 7523
idx : 7524
idx : 7525
idx : 7526
idx : 7527
idx : 7528
idx : 7529
idx : 7530
idx : 7531
idx : 7532
idx : 7533
idx : 7534
idx : 7535
idx : 7536
idx : 7537
idx : 7538
idx : 7539
idx : 7540
idx : 7541
idx : 7542
idx : 7543
idx : 7544
idx : 7545
idx : 7546
idx : 7547
idx : 7548
idx : 7549
idx : 7550
idx : 7551
idx : 7584
idx : 7585
idx : 7586
idx : 7587
idx : 7588
idx : 7589
idx : 7590
idx : 7591
idx : 7592
idx : 7593
idx : 7594
idx : 7595
idx : 7596
idx : 7597
idx : 7598
idx : 7599
idx : 7600
idx : 7601
idx : 7602
idx : 7603
idx : 7604
idx : 7605
idx : 7606
idx : 7607
idx : 7608
idx : 7609
idx : 7610
idx : 7611
idx : 7612
idx : 7613
idx : 7614
idx : 7615
16256 <class 'numpy.float32'>
0 input is [0.5488135  0.71518934 0.60276335 ... 0.87238324 0.16785775 0.78560436]
[array([[0.5488135 , 0.71518934, 0.60276335, ..., 0.11037514, 0.6563296 ,
        0.13818295],
       [0.186193  , 0.9443724 , 0.73955077, ..., 0.7486636 , 0.9037197 ,
        0.08342244],
       [0.8207671 , 0.9088437 , 0.8155238 , ..., 0.34851936, 0.8149665 ,
        0.98549145],
       ...,
       [0.97426283, 0.74854565, 0.7894374 , ..., 0.36377245, 0.98389596,
        0.56129533],
       [0.15319619, 0.0328116 , 0.22879529, ..., 0.9914704 , 0.07276381,
        0.19248773],
       [0.7620788 , 0.381549  , 0.18573894, ..., 0.60171485, 0.17178427,
        0.5415449 ]], dtype=float32), array([[0.19658236, 0.36872518, 0.82099324, ..., 0.311945  , 0.39822108,
        0.20984375],
       [0.55219245, 0.58447605, 0.96193635, ..., 0.45722345, 0.9518745 ,
        0.5757512 ],
       [0.9689717 , 0.90494835, 0.29655626, ..., 0.38913468, 0.9521427 ,
        0.30002892],
       ...,
       [0.5313229 , 0.77773285, 0.28925994, ..., 0.40347955, 0.46089503,
        0.01048474],
       [0.79466105, 0.21911298, 0.44436827, ..., 0.47405186, 0.27704766,
        0.41207168],
       [0.9400948 , 0.610037  , 0.97634673, ..., 0.87238324, 0.16785775,
        0.78560436]], dtype=float32)]
[array([0.5488135 , 0.71518934, 0.60276335, ..., 0.60171485, 0.17178427,
       0.5415449 ], dtype=float32), array([0.19658236, 0.36872518, 0.82099324, ..., 0.87238324, 0.16785775,
       0.78560436], dtype=float32)]
(127, 64)
(8128,)
trt cross_check output_0 True
max diff 0.0
min diff 0.0
trt cross_check output_1 True
max diff 0.0
min diff 0.0
